Determining if the pthread_create exist failed with the following output:
Change Dir: /home/mivia/prog_ws/build/catkin_tools_prebuild/CMakeFiles/CMakeTmp

Run Build Command:"/usr/bin/make" "cmTC_18cad/fast"
/usr/bin/make -f CMakeFiles/cmTC_18cad.dir/build.make CMakeFiles/cmTC_18cad.dir/build
make[1]: Entering directory '/home/mivia/prog_ws/build/catkin_tools_prebuild/CMakeFiles/CMakeTmp'
Building C object CMakeFiles/cmTC_18cad.dir/CheckSymbolExists.c.o
/usr/bin/cc    -o CMakeFiles/cmTC_18cad.dir/CheckSymbolExists.c.o   -c /home/mivia/prog_ws/build/catkin_tools_prebuild/CMakeFiles/CMakeTmp/CheckSymbolExists.c
Linking C executable cmTC_18cad
/usr/bin/cmake -E cmake_link_script CMakeFiles/cmTC_18cad.dir/link.txt --verbose=1
/usr/bin/cc      -rdynamic CMakeFiles/cmTC_18cad.dir/CheckSymbolExists.c.o  -o cmTC_18cad 
CMakeFiles/cmTC_18cad.dir/CheckSymbolExists.c.o: In function `main':
CheckSymbolExists.c:(.text+0x1b): undefined reference to `pthread_create'
collect2: error: ld returned 1 exit status
CMakeFiles/cmTC_18cad.dir/build.make:97: recipe for target 'cmTC_18cad' failed
make[1]: *** [cmTC_18cad] Error 1
make[1]: Leaving directory '/home/mivia/prog_ws/build/catkin_tools_prebuild/CMakeFiles/CMakeTmp'
Makefile:126: recipe for target 'cmTC_18cad/fast' failed
make: *** [cmTC_18cad/fast] Error 2

File /home/mivia/prog_ws/build/catkin_tools_prebuild/CMakeFiles/CMakeTmp/CheckSymbolExists.c:
/* */
#include <pthread.h>

int main(int argc, char** argv)
{
  (void)argv;
#ifndef pthread_create
  return ((int*)(&pthread_create))[argc];
#else
  (void)argc;
  return 0;
#endif
}

Determining if the function pthread_create exists in the pthreads failed with the following output:
Change Dir: /home/mivia/prog_ws/build/catkin_tools_prebuild/CMakeFiles/CMakeTmp

Run Build Command:"/usr/bin/make" "cmTC_7ef9a/fast"
/usr/bin/make -f CMakeFiles/cmTC_7ef9a.dir/build.make CMakeFiles/cmTC_7ef9a.dir/build
make[1]: Entering directory '/home/mivia/prog_ws/build/catkin_tools_prebuild/CMakeFiles/CMakeTmp'
Building C object CMakeFiles/cmTC_7ef9a.dir/CheckFunctionExists.c.o
/usr/bin/cc   -DCHECK_FUNCTION_EXISTS=pthread_create   -o CMakeFiles/cmTC_7ef9a.dir/CheckFunctionExists.c.o   -c /usr/share/cmake-3.10/Modules/CheckFunctionExists.c
Linking C executable cmTC_7ef9a
/usr/bin/cmake -E cmake_link_script CMakeFiles/cmTC_7ef9a.dir/link.txt --verbose=1
/usr/bin/cc  -DCHECK_FUNCTION_EXISTS=pthread_create    -rdynamic CMakeFiles/cmTC_7ef9a.dir/CheckFunctionExists.c.o  -o cmTC_7ef9a -lpthreads 
/usr/bin/ld: cannot find -lpthreads
collect2: error: ld returned 1 exit status
CMakeFiles/cmTC_7ef9a.dir/build.make:97: recipe for target 'cmTC_7ef9a' failed
make[1]: *** [cmTC_7ef9a] Error 1
make[1]: Leaving directory '/home/mivia/prog_ws/build/catkin_tools_prebuild/CMakeFiles/CMakeTmp'
Makefile:126: recipe for target 'cmTC_7ef9a/fast' failed
make: *** [cmTC_7ef9a/fast] Error 2


